<?xml version="1.0" encoding="UTF-8"?>
<!-- Generated by org.testng.reporters.JUnitReportReporter -->
<testsuite hostname="ndi-mb-198" failures="0" tests="1" name="org.example.AppTest" time="0.012" errors="0" timestamp="2022-09-30T12:31:28 IST" skipped="0">
  <testcase classname="org.example.AppTest" name="shouldAnswerWithTrue" time="0.012"/>
  <system-out/>
</testsuite> <!-- org.example.AppTest -->
